# JRE version: OpenJDK Runtime Environment (10.0.2+13) (build 10.0.2+13-Ubuntu-1ubuntu0.18.04.4)
# Java VM: OpenJDK 64-Bit Server VM (10.0.2+13-Ubuntu-1ubuntu0.18.04.4, mixed mode, tiered, compressed oops, g1 gc, linux-amd64)
Heap:
 garbage-first heap   total 102400K, used 43773K [0x00000000a5200000, 0x0000000100000000)
  region size 1024K, 16 young (16384K), 6 survivors (6144K)
 Metaspace       used 68541K, capacity 70253K, committed 70604K, reserved 1112064K
  class space    used 8143K, capacity 8831K, committed 8908K, reserved 1048576K
GC Heap History (10 events):
Event: 58.157 GC heap before
{Heap before GC invocations=18 (full 0):
 garbage-first heap   total 137216K, used 96488K [0x00000000a5200000, 0x0000000100000000)
  region size 1024K, 67 young (68608K), 5 survivors (5120K)
 Metaspace       used 68006K, capacity 69611K, committed 70220K, reserved 1110016K
  class space    used 8073K, capacity 8684K, committed 8780K, reserved 1048576K
}
Event: 58.177 GC heap after
{Heap after GC invocations=19 (full 0):
 garbage-first heap   total 137216K, used 34125K [0x00000000a5200000, 0x0000000100000000)
  region size 1024K, 6 young (6144K), 6 survivors (6144K)
 Metaspace       used 68006K, capacity 69611K, committed 70220K, reserved 1110016K
  class space    used 8073K, capacity 8684K, committed 8780K, reserved 1048576K
}
Event: 125.323 GC heap before
{Heap before GC invocations=19 (full 0):
 garbage-first heap   total 137216K, used 39245K [0x00000000a5200000, 0x0000000100000000)
  region size 1024K, 12 young (12288K), 6 survivors (6144K)
 Metaspace       used 68184K, capacity 69874K, committed 70220K, reserved 1110016K
  class space    used 8101K, capacity 8767K, committed 8780K, reserved 1048576K
}
Event: 125.458 GC heap after
{Heap after GC invocations=20 (full 1):
 garbage-first heap   total 102400K, used 28658K [0x00000000a5200000, 0x0000000100000000)
  region size 1024K, 0 young (0K), 0 survivors (0K)
 Metaspace       used 68163K, capacity 69848K, committed 70220K, reserved 1110016K
  class space    used 8098K, capacity 8762K, committed 8780K, reserved 1048576K
}
Event: 126.365 GC heap before
{Heap before GC invocations=20 (full 1):
 garbage-first heap   total 102400K, used 76786K [0x00000000a5200000, 0x0000000100000000)
  region size 1024K, 47 young (48128K), 0 survivors (0K)
 Metaspace       used 68232K, capacity 69948K, committed 70220K, reserved 1110016K
  class space    used 8109K, capacity 8772K, committed 8780K, reserved 1048576K
}
Event: 126.371 GC heap after
{Heap after GC invocations=21 (full 1):
 garbage-first heap   total 102400K, used 31730K [0x00000000a5200000, 0x0000000100000000)
  region size 1024K, 3 young (3072K), 3 survivors (3072K)
 Metaspace       used 68232K, capacity 69948K, committed 70220K, reserved 1110016K
  class space    used 8109K, capacity 8772K, committed 8780K, reserved 1048576K
}
Event: 126.504 GC heap before
{Heap before GC invocations=21 (full 1):
 garbage-first heap   total 102400K, used 78834K [0x00000000a5200000, 0x0000000100000000)
  region size 1024K, 49 young (50176K), 3 survivors (3072K)
 Metaspace       used 68236K, capacity 69954K, committed 70220K, reserved 1110016K
  class space    used 8110K, capacity 8773K, committed 8780K, reserved 1048576K
}
Event: 126.515 GC heap after
{Heap after GC invocations=22 (full 1):
 garbage-first heap   total 102400K, used 32069K [0x00000000a5200000, 0x0000000100000000)
  region size 1024K, 4 young (4096K), 4 survivors (4096K)
 Metaspace       used 68236K, capacity 69954K, committed 70220K, reserved 1110016K
  class space    used 8110K, capacity 8773K, committed 8780K, reserved 1048576K
}
Event: 127.394 GC heap before
{Heap before GC invocations=22 (full 1):
 garbage-first heap   total 102400K, used 79173K [0x00000000a5200000, 0x0000000100000000)
  region size 1024K, 50 young (51200K), 4 survivors (4096K)
 Metaspace       used 68522K, capacity 70241K, committed 70604K, reserved 1112064K
  class space    used 8140K, capacity 8829K, committed 8908K, reserved 1048576K
}
Event: 127.403 GC heap after
{Heap after GC invocations=23 (full 1):
 garbage-first heap   total 102400K, used 34557K [0x00000000a5200000, 0x0000000100000000)
  region size 1024K, 6 young (6144K), 6 survivors (6144K)
 Metaspace       used 68522K, capacity 70241K, committed 70604K, reserved 1112064K
  class space    used 8140K, capacity 8829K, committed 8908K, reserved 1048576K
}

